<?xml version="1.0" encoding="UTF-8"?>
<!-- Generated by org.testng.reporters.JUnitXMLReporter -->
<testsuite hostname="CSCINDAE699064" ignored="0" name="FreeCRM test" tests="12" failures="0" timestamp="31 May 2018 14:58:47 GMT" time="257.714" errors="0">
  <testcase name="loginPageTitleTest" time="0.279" classname="com.crm.qa.tests.LoginPageTest"/>
  <testcase name="verifyHomePageTitleTest" time="0.82" classname="com.crm.qa.tests.HomePageTest"/>
  <testcase name="verifyContactsPageLabel" time="1.147" classname="com.crm.qa.tests.ContactsPageTest"/>
  <testcase name="crmLogoImgTest" time="0.443" classname="com.crm.qa.tests.LoginPageTest"/>
  <testcase name="verifyUserNameTest" time="7.741" classname="com.crm.qa.tests.HomePageTest"/>
  <testcase name="selectSingleContactsTest" time="1.479" classname="com.crm.qa.tests.ContactsPageTest"/>
  <testcase name="loginTest" time="1.56" classname="com.crm.qa.tests.LoginPageTest"/>
  <testcase name="verifyContactsLinkTest" time="7.495" classname="com.crm.qa.tests.HomePageTest"/>
  <testcase name="selectMultipleContactsTest" time="2.29" classname="com.crm.qa.tests.ContactsPageTest"/>
  <testcase name="validateCreateNewContact" time="3.967" classname="com.crm.qa.tests.ContactsPageTest"/>
  <testcase name="validateCreateNewContact" time="4.849" classname="com.crm.qa.tests.ContactsPageTest"/>
  <testcase name="validateCreateNewContact" time="4.303" classname="com.crm.qa.tests.ContactsPageTest"/>
</testsuite> <!-- FreeCRM test -->
