<?xml version="1.0" encoding="UTF-8"?>
<!-- Generated by org.testng.reporters.JUnitXMLReporter -->
<testsuite hostname="CSCINDAE699064" ignored="0" name="Command line test" tests="12" failures="0" timestamp="31 May 2018 17:47:26 GMT" time="275.322" errors="0">
  <testcase name="verifyContactsPageLabel" time="1.755" classname="com.crm.qa.tests.ContactsPageTest"/>
  <testcase name="verifyHomePageTitleTest" time="0.755" classname="com.crm.qa.tests.HomePageTest"/>
  <testcase name="loginPageTitleTest" time="0.237" classname="com.crm.qa.tests.LoginPageTest"/>
  <testcase name="selectSingleContactsTest" time="1.54" classname="com.crm.qa.tests.ContactsPageTest"/>
  <testcase name="verifyUserNameTest" time="8.281" classname="com.crm.qa.tests.HomePageTest"/>
  <testcase name="crmLogoImgTest" time="1.074" classname="com.crm.qa.tests.LoginPageTest"/>
  <testcase name="selectMultipleContactsTest" time="1.88" classname="com.crm.qa.tests.ContactsPageTest"/>
  <testcase name="verifyContactsLinkTest" time="9.408" classname="com.crm.qa.tests.HomePageTest"/>
  <testcase name="loginTest" time="1.951" classname="com.crm.qa.tests.LoginPageTest"/>
  <testcase name="validateCreateNewContact" time="4.766" classname="com.crm.qa.tests.ContactsPageTest"/>
  <testcase name="validateCreateNewContact" time="3.912" classname="com.crm.qa.tests.ContactsPageTest"/>
  <testcase name="validateCreateNewContact" time="4.047" classname="com.crm.qa.tests.ContactsPageTest"/>
</testsuite> <!-- Command line test -->
